Using pre-set license
Built from '2021.1/staging' branch; Version is '2021.1.6f1 (c0fade0cc7e9) revision 12647134'; Using compiler version '192528614'; Build Type 'Release'
OS: 'Windows 10 Pro; OS build 19042.985; Version 2009; 64bit' Language: 'ru' Physical Memory: 16301 MB
BatchMode: 1, IsHumanControllingUs: 0, StartBugReporterOnCrash: 0, Is64bit: 1, IsPro: 0

 COMMAND LINE ARGUMENTS:
C:\Program Files\Unity\Hub\Editor\2021.1.6f1\Editor\Unity.exe
-adb2
-batchMode
-noUpm
-name
AssetImportWorker0
-projectPath
C:/Users/ichig/Dropbox/Unity/SpaceGame
-logFile
Logs/AssetImportWorker0.log
-srvPort
51842
Successfully changed project path to: C:/Users/ichig/Dropbox/Unity/SpaceGame
C:/Users/ichig/Dropbox/Unity/SpaceGame
Using Asset Import Pipeline V2.
Refreshing native plugins compatible for Editor in 70.45 ms, found 1 plugins.
Preloading 0 native plugins for Editor in 0.00 ms.
Initialize engine version: 2021.1.6f1 (c0fade0cc7e9)
[Subsystems] Discovering subsystems at path C:/Program Files/Unity/Hub/Editor/2021.1.6f1/Editor/Data/Resources/UnitySubsystems
[Subsystems] Discovering subsystems at path C:/Users/ichig/Dropbox/Unity/SpaceGame/Assets
GfxDevice: creating device client; threaded=0; jobified=0
Direct3D:
    Version:  Direct3D 11.0 [level 11.1]
    Renderer: NVIDIA GeForce GTX 1080 Ti (ID=0x1b06)
    Vendor:   NVIDIA
    VRAM:     11127 MB
    Driver:   27.21.14.5730
Shader 'WFX/Transparent Specular': fallback shader 'Particles/Alpha Blended' not found
Shader 'WFX/Transparent Diffuse': fallback shader 'Particles/Alpha Blended' not found
Initialize mono
Mono path[0] = 'C:/Program Files/Unity/Hub/Editor/2021.1.6f1/Editor/Data/Managed'
Mono path[1] = 'C:/Program Files/Unity/Hub/Editor/2021.1.6f1/Editor/Data/MonoBleedingEdge/lib/mono/unityjit'
Mono config path = 'C:/Program Files/Unity/Hub/Editor/2021.1.6f1/Editor/Data/MonoBleedingEdge/etc'
Using monoOptions --debugger-agent=transport=dt_socket,embedding=1,server=y,suspend=n,address=127.0.0.1:56092
Begin MonoManager ReloadAssembly
Registering precompiled unity dll's ...
Register platform support module: C:/Program Files/Unity/Hub/Editor/2021.1.6f1/Editor/Data/PlaybackEngines/WebGLSupport/UnityEditor.WebGL.Extensions.dll
Register platform support module: C:/Program Files/Unity/Hub/Editor/2021.1.6f1/Editor/Data/PlaybackEngines/WindowsStandaloneSupport/UnityEditor.WindowsStandalone.Extensions.dll
Registered in 0.002160 seconds.
Native extension for WindowsStandalone target not found
Native extension for WebGL target not found
Refreshing native plugins compatible for Editor in 72.29 ms, found 1 plugins.
Preloading 0 native plugins for Editor in 0.00 ms.
Mono: successfully reloaded assembly
- Completed reload, in  2.314 seconds
Platform modules already initialized, skipping
Registering precompiled user dll's ...
Registered in 0.002955 seconds.
Begin MonoManager ReloadAssembly
Native extension for WindowsStandalone target not found
Native extension for WebGL target not found
Refreshing native plugins compatible for Editor in 0.70 ms, found 1 plugins.
Preloading 0 native plugins for Editor in 0.00 ms.
Mono: successfully reloaded assembly
- Completed reload, in  0.920 seconds
Platform modules already initialized, skipping
========================================================================
Worker process is ready to serve import requests
Shader 'WFX/Transparent Specular': fallback shader 'Particles/Alpha Blended' not found
Shader 'WFX/Transparent Diffuse': fallback shader 'Particles/Alpha Blended' not found
Launched and connected shader compiler UnityShaderCompiler.exe after 0.04 seconds
Refreshing native plugins compatible for Editor in 0.45 ms, found 1 plugins.
Preloading 0 native plugins for Editor in 0.00 ms.
Unloading 2695 Unused Serialized files (Serialized files now loaded: 0)
System memory in use before: 101.4 MB.
System memory in use after: 101.6 MB.

Unloading 15 unused Assets to reduce memory usage. Loaded Objects now: 3152.
Total: 1.810100 ms (FindLiveObjects: 0.208800 ms CreateObjectMapping: 0.112900 ms MarkObjects: 1.431900 ms  DeleteObjects: 0.055900 ms)

========================================================================
Received Import Request.
  path: Assets/Prefab/EnemyExplosive Variant Variant.prefab
  artifactKey: Guid(f2d5c25c81d733a4fb3d26561f647451) Importer(815301076,1909f56bfc062723c751e8b465ee728b)
Start importing Assets/Prefab/EnemyExplosive Variant Variant.prefab using Guid(f2d5c25c81d733a4fb3d26561f647451) Importer(815301076,1909f56bfc062723c751e8b465ee728b)  -> (artifact id: '2c8b95a1b3f3e51a41afce0491fefc09') in 0.052199 seconds 
========================================================================
Received Import Request.
  Time since last request: 3.358512 seconds.
  path: Assets/Prefab/EnemyPlane.prefab
  artifactKey: Guid(520308219b1d635469cc37617efc5759) Importer(815301076,1909f56bfc062723c751e8b465ee728b)
Start importing Assets/Prefab/EnemyPlane.prefab using Guid(520308219b1d635469cc37617efc5759) Importer(815301076,1909f56bfc062723c751e8b465ee728b)  -> (artifact id: 'f68cc2afda9042b67b8af6a556336a4c') in 0.095116 seconds 
========================================================================
Received Import Request.
  Time since last request: 3.749347 seconds.
  path: Assets/Prefab/EnemyPlane.prefab
  artifactKey: Guid(520308219b1d635469cc37617efc5759) Importer(815301076,1909f56bfc062723c751e8b465ee728b)
Start importing Assets/Prefab/EnemyPlane.prefab using Guid(520308219b1d635469cc37617efc5759) Importer(815301076,1909f56bfc062723c751e8b465ee728b)  -> (artifact id: 'ef7713c9302f0c402c1fe6febe6df9ea') in 0.033873 seconds 
========================================================================
Received Prepare
Registering precompiled user dll's ...
Registered in 0.002834 seconds.
Begin MonoManager ReloadAssembly
Native extension for WindowsStandalone target not found
Native extension for WebGL target not found
Refreshing native plugins compatible for Editor in 0.45 ms, found 1 plugins.
Preloading 0 native plugins for Editor in 0.00 ms.
Mono: successfully reloaded assembly
- Completed reload, in  0.834 seconds
Platform modules already initialized, skipping
Shader 'WFX/Transparent Specular': fallback shader 'Particles/Alpha Blended' not found
Shader 'WFX/Transparent Diffuse': fallback shader 'Particles/Alpha Blended' not found
Refreshing native plugins compatible for Editor in 0.54 ms, found 1 plugins.
Preloading 0 native plugins for Editor in 0.00 ms.
Unloading 2678 Unused Serialized files (Serialized files now loaded: 0)
System memory in use before: 103.9 MB.
System memory in use after: 104.1 MB.

Unloading 10 unused Assets to reduce memory usage. Loaded Objects now: 3164.
Total: 1.863600 ms (FindLiveObjects: 0.199900 ms CreateObjectMapping: 0.109500 ms MarkObjects: 1.514700 ms  DeleteObjects: 0.038900 ms)

========================================================================
Received Prepare
Registering precompiled user dll's ...
Registered in 0.003018 seconds.
Begin MonoManager ReloadAssembly
Native extension for WindowsStandalone target not found
Native extension for WebGL target not found
Refreshing native plugins compatible for Editor in 0.46 ms, found 1 plugins.
Preloading 0 native plugins for Editor in 0.00 ms.
Mono: successfully reloaded assembly
- Completed reload, in  0.862 seconds
Platform modules already initialized, skipping
Shader 'WFX/Transparent Specular': fallback shader 'Particles/Alpha Blended' not found
Shader 'WFX/Transparent Diffuse': fallback shader 'Particles/Alpha Blended' not found
Refreshing native plugins compatible for Editor in 0.46 ms, found 1 plugins.
Preloading 0 native plugins for Editor in 0.00 ms.
Unloading 2678 Unused Serialized files (Serialized files now loaded: 0)
System memory in use before: 104.0 MB.
System memory in use after: 104.2 MB.

Unloading 10 unused Assets to reduce memory usage. Loaded Objects now: 3167.
Total: 1.822500 ms (FindLiveObjects: 0.185300 ms CreateObjectMapping: 0.116200 ms MarkObjects: 1.487600 ms  DeleteObjects: 0.032700 ms)

========================================================================
Received Prepare
Registering precompiled user dll's ...
Registered in 0.002830 seconds.
Begin MonoManager ReloadAssembly
Native extension for WindowsStandalone target not found
Native extension for WebGL target not found
Refreshing native plugins compatible for Editor in 0.45 ms, found 1 plugins.
Preloading 0 native plugins for Editor in 0.00 ms.
Mono: successfully reloaded assembly
- Completed reload, in  0.813 seconds
Platform modules already initialized, skipping
Shader 'WFX/Transparent Specular': fallback shader 'Particles/Alpha Blended' not found
Shader 'WFX/Transparent Diffuse': fallback shader 'Particles/Alpha Blended' not found
Refreshing native plugins compatible for Editor in 0.47 ms, found 1 plugins.
Preloading 0 native plugins for Editor in 0.00 ms.
Unloading 2678 Unused Serialized files (Serialized files now loaded: 0)
System memory in use before: 104.0 MB.
System memory in use after: 104.2 MB.

Unloading 10 unused Assets to reduce memory usage. Loaded Objects now: 3170.
Total: 1.884100 ms (FindLiveObjects: 0.200300 ms CreateObjectMapping: 0.111000 ms MarkObjects: 1.533000 ms  DeleteObjects: 0.039100 ms)

========================================================================
Received Prepare
Registering precompiled user dll's ...
Registered in 0.002861 seconds.
Begin MonoManager ReloadAssembly
Native extension for WindowsStandalone target not found
Native extension for WebGL target not found
Refreshing native plugins compatible for Editor in 0.42 ms, found 1 plugins.
Preloading 0 native plugins for Editor in 0.00 ms.
Mono: successfully reloaded assembly
- Completed reload, in  0.817 seconds
Platform modules already initialized, skipping
Shader 'WFX/Transparent Specular': fallback shader 'Particles/Alpha Blended' not found
Shader 'WFX/Transparent Diffuse': fallback shader 'Particles/Alpha Blended' not found
Refreshing native plugins compatible for Editor in 0.46 ms, found 1 plugins.
Preloading 0 native plugins for Editor in 0.00 ms.
Unloading 2678 Unused Serialized files (Serialized files now loaded: 0)
System memory in use before: 104.0 MB.
System memory in use after: 104.2 MB.

Unloading 10 unused Assets to reduce memory usage. Loaded Objects now: 3173.
Total: 2.043100 ms (FindLiveObjects: 0.203900 ms CreateObjectMapping: 0.099400 ms MarkObjects: 1.701600 ms  DeleteObjects: 0.037500 ms)

========================================================================
Received Prepare
Registering precompiled user dll's ...
Registered in 0.003143 seconds.
Begin MonoManager ReloadAssembly
Native extension for WindowsStandalone target not found
Native extension for WebGL target not found
Refreshing native plugins compatible for Editor in 0.45 ms, found 1 plugins.
Preloading 0 native plugins for Editor in 0.00 ms.
Mono: successfully reloaded assembly
- Completed reload, in  0.836 seconds
Platform modules already initialized, skipping
Shader 'WFX/Transparent Specular': fallback shader 'Particles/Alpha Blended' not found
Shader 'WFX/Transparent Diffuse': fallback shader 'Particles/Alpha Blended' not found
Refreshing native plugins compatible for Editor in 0.50 ms, found 1 plugins.
Preloading 0 native plugins for Editor in 0.00 ms.
Unloading 2678 Unused Serialized files (Serialized files now loaded: 0)
System memory in use before: 104.0 MB.
System memory in use after: 104.2 MB.

Unloading 10 unused Assets to reduce memory usage. Loaded Objects now: 3176.
Total: 1.929700 ms (FindLiveObjects: 0.206300 ms CreateObjectMapping: 0.121000 ms MarkObjects: 1.564800 ms  DeleteObjects: 0.036800 ms)

========================================================================
Received Import Request.
  Time since last request: 634.261982 seconds.
  path: Assets/Prefab/EnemyPlane.prefab
  artifactKey: Guid(520308219b1d635469cc37617efc5759) Importer(815301076,1909f56bfc062723c751e8b465ee728b)
Start importing Assets/Prefab/EnemyPlane.prefab using Guid(520308219b1d635469cc37617efc5759) Importer(815301076,1909f56bfc062723c751e8b465ee728b)  -> (artifact id: 'aa0c192abcc8d8c00cc14c0777e5d37d') in 0.079187 seconds 
========================================================================
Received Prepare
Registering precompiled user dll's ...
Registered in 0.002723 seconds.
Begin MonoManager ReloadAssembly
Native extension for WindowsStandalone target not found
Native extension for WebGL target not found
Refreshing native plugins compatible for Editor in 0.46 ms, found 1 plugins.
Preloading 0 native plugins for Editor in 0.00 ms.
Mono: successfully reloaded assembly
- Completed reload, in  0.824 seconds
Platform modules already initialized, skipping
Shader 'WFX/Transparent Specular': fallback shader 'Particles/Alpha Blended' not found
Shader 'WFX/Transparent Diffuse': fallback shader 'Particles/Alpha Blended' not found
Refreshing native plugins compatible for Editor in 0.48 ms, found 1 plugins.
Preloading 0 native plugins for Editor in 0.00 ms.
Unloading 2678 Unused Serialized files (Serialized files now loaded: 0)
System memory in use before: 104.0 MB.
System memory in use after: 104.2 MB.

Unloading 10 unused Assets to reduce memory usage. Loaded Objects now: 3180.
Total: 1.853100 ms (FindLiveObjects: 0.240800 ms CreateObjectMapping: 0.122900 ms MarkObjects: 1.437200 ms  DeleteObjects: 0.051200 ms)

========================================================================
Received Import Request.
  Time since last request: 82.992664 seconds.
  path: Assets/Prefab/EnemyPlane.prefab
  artifactKey: Guid(520308219b1d635469cc37617efc5759) Importer(815301076,1909f56bfc062723c751e8b465ee728b)
Start importing Assets/Prefab/EnemyPlane.prefab using Guid(520308219b1d635469cc37617efc5759) Importer(815301076,1909f56bfc062723c751e8b465ee728b)  -> (artifact id: '1134d1148847d84438eb651646d0d4ec') in 0.068850 seconds 
========================================================================
Received Import Request.
  Time since last request: 8.206390 seconds.
  path: Assets/Prefab/EnemyPlane.prefab
  artifactKey: Guid(520308219b1d635469cc37617efc5759) Importer(815301076,1909f56bfc062723c751e8b465ee728b)
Start importing Assets/Prefab/EnemyPlane.prefab using Guid(520308219b1d635469cc37617efc5759) Importer(815301076,1909f56bfc062723c751e8b465ee728b)  -> (artifact id: '85555ffce0f08c9bdf6ea277086afbbb') in 0.026275 seconds 
========================================================================
Received Import Request.
  Time since last request: 1.786221 seconds.
  path: Assets/Prefab/EnemyPlane.prefab
  artifactKey: Guid(520308219b1d635469cc37617efc5759) Importer(815301076,1909f56bfc062723c751e8b465ee728b)
Start importing Assets/Prefab/EnemyPlane.prefab using Guid(520308219b1d635469cc37617efc5759) Importer(815301076,1909f56bfc062723c751e8b465ee728b)  -> (artifact id: 'f2135337f64d9f7e60513dbb440ad20d') in 0.029234 seconds 
========================================================================
Received Import Request.
  Time since last request: 7.918940 seconds.
  path: Assets/Prefab/EnemyPlane.prefab
  artifactKey: Guid(520308219b1d635469cc37617efc5759) Importer(815301076,1909f56bfc062723c751e8b465ee728b)
Start importing Assets/Prefab/EnemyPlane.prefab using Guid(520308219b1d635469cc37617efc5759) Importer(815301076,1909f56bfc062723c751e8b465ee728b)  -> (artifact id: '554dacf818c94cfb0da6b5868e587088') in 0.029187 seconds 
========================================================================
Received Import Request.
  Time since last request: 44.475668 seconds.
  path: Assets/Prefab/EnemyPlane.prefab
  artifactKey: Guid(520308219b1d635469cc37617efc5759) Importer(815301076,1909f56bfc062723c751e8b465ee728b)
Start importing Assets/Prefab/EnemyPlane.prefab using Guid(520308219b1d635469cc37617efc5759) Importer(815301076,1909f56bfc062723c751e8b465ee728b)  -> (artifact id: '5c725c129dac379a2322beb2cd511d04') in 0.022188 seconds 
========================================================================
Received Import Request.
  Time since last request: 6.321540 seconds.
  path: Assets/Prefab/EnemyPlane.prefab
  artifactKey: Guid(520308219b1d635469cc37617efc5759) Importer(815301076,1909f56bfc062723c751e8b465ee728b)
Start importing Assets/Prefab/EnemyPlane.prefab using Guid(520308219b1d635469cc37617efc5759) Importer(815301076,1909f56bfc062723c751e8b465ee728b)  -> (artifact id: '8abad90f3b677d34d86fa1ea95e55d82') in 0.024728 seconds 
========================================================================
Received Import Request.
  Time since last request: 7.249153 seconds.
  path: Assets/Prefab/EnemyPlane.prefab
  artifactKey: Guid(520308219b1d635469cc37617efc5759) Importer(815301076,1909f56bfc062723c751e8b465ee728b)
Start importing Assets/Prefab/EnemyPlane.prefab using Guid(520308219b1d635469cc37617efc5759) Importer(815301076,1909f56bfc062723c751e8b465ee728b)  -> (artifact id: 'd10b64083283f902be7b01eddda42c87') in 0.025538 seconds 
========================================================================
Received Import Request.
  Time since last request: 5.043675 seconds.
  path: Assets/Prefab/EnemyPlane.prefab
  artifactKey: Guid(520308219b1d635469cc37617efc5759) Importer(815301076,1909f56bfc062723c751e8b465ee728b)
Start importing Assets/Prefab/EnemyPlane.prefab using Guid(520308219b1d635469cc37617efc5759) Importer(815301076,1909f56bfc062723c751e8b465ee728b)  -> (artifact id: 'feeb9380263bb02da2bb4d587b6493c2') in 0.025779 seconds 
========================================================================
Received Import Request.
  Time since last request: 4.829033 seconds.
  path: Assets/Prefab/EnemyPlane.prefab
  artifactKey: Guid(520308219b1d635469cc37617efc5759) Importer(815301076,1909f56bfc062723c751e8b465ee728b)
Start importing Assets/Prefab/EnemyPlane.prefab using Guid(520308219b1d635469cc37617efc5759) Importer(815301076,1909f56bfc062723c751e8b465ee728b)  -> (artifact id: '041c2c167f37da574733f9b8c70a7d93') in 0.026051 seconds 
========================================================================
Received Prepare
Registering precompiled user dll's ...
Registered in 0.002906 seconds.
Begin MonoManager ReloadAssembly
Native extension for WindowsStandalone target not found
Native extension for WebGL target not found
Refreshing native plugins compatible for Editor in 0.49 ms, found 1 plugins.
Preloading 0 native plugins for Editor in 0.00 ms.
Mono: successfully reloaded assembly
- Completed reload, in  0.856 seconds
Platform modules already initialized, skipping
Shader 'WFX/Transparent Specular': fallback shader 'Particles/Alpha Blended' not found
Shader 'WFX/Transparent Diffuse': fallback shader 'Particles/Alpha Blended' not found
Refreshing native plugins compatible for Editor in 0.47 ms, found 1 plugins.
Preloading 0 native plugins for Editor in 0.00 ms.
Unloading 2678 Unused Serialized files (Serialized files now loaded: 0)
System memory in use before: 104.1 MB.
System memory in use after: 104.3 MB.

Unloading 10 unused Assets to reduce memory usage. Loaded Objects now: 3184.
Total: 2.041400 ms (FindLiveObjects: 0.205600 ms CreateObjectMapping: 0.153200 ms MarkObjects: 1.641500 ms  DeleteObjects: 0.040500 ms)

========================================================================
Received Prepare
Registering precompiled user dll's ...
Registered in 0.003318 seconds.
Begin MonoManager ReloadAssembly
Native extension for WindowsStandalone target not found
Native extension for WebGL target not found
Refreshing native plugins compatible for Editor in 0.46 ms, found 1 plugins.
Preloading 0 native plugins for Editor in 0.00 ms.
Mono: successfully reloaded assembly
- Completed reload, in  0.831 seconds
Platform modules already initialized, skipping
Shader 'WFX/Transparent Specular': fallback shader 'Particles/Alpha Blended' not found
Shader 'WFX/Transparent Diffuse': fallback shader 'Particles/Alpha Blended' not found
Refreshing native plugins compatible for Editor in 0.46 ms, found 1 plugins.
Preloading 0 native plugins for Editor in 0.00 ms.
Unloading 2678 Unused Serialized files (Serialized files now loaded: 0)
System memory in use before: 104.1 MB.
System memory in use after: 104.3 MB.

Unloading 10 unused Assets to reduce memory usage. Loaded Objects now: 3187.
Total: 1.865100 ms (FindLiveObjects: 0.206900 ms CreateObjectMapping: 0.099800 ms MarkObjects: 1.523700 ms  DeleteObjects: 0.034100 ms)

========================================================================
Received Import Request.
  Time since last request: 225.921386 seconds.
  path: Assets/Prefab/EnemyPlane.prefab
  artifactKey: Guid(520308219b1d635469cc37617efc5759) Importer(815301076,1909f56bfc062723c751e8b465ee728b)
Start importing Assets/Prefab/EnemyPlane.prefab using Guid(520308219b1d635469cc37617efc5759) Importer(815301076,1909f56bfc062723c751e8b465ee728b)  -> (artifact id: 'f2126422342a37ce39c0c8d47b4d7dc6') in 0.078052 seconds 
========================================================================
Received Import Request.
  Time since last request: 25.972558 seconds.
  path: Assets/Prefab/Missile Variant.prefab
  artifactKey: Guid(8e6aed31b3748e74fa5110e9fbdf34f4) Importer(815301076,1909f56bfc062723c751e8b465ee728b)
Start importing Assets/Prefab/Missile Variant.prefab using Guid(8e6aed31b3748e74fa5110e9fbdf34f4) Importer(815301076,1909f56bfc062723c751e8b465ee728b)  -> (artifact id: 'd36a468e193c68ebd25f9f07756e9ae6') in 0.019595 seconds 
========================================================================
Received Import Request.
  Time since last request: 5.645064 seconds.
  path: Assets/Prefab/Missile Variant.prefab
  artifactKey: Guid(8e6aed31b3748e74fa5110e9fbdf34f4) Importer(815301076,1909f56bfc062723c751e8b465ee728b)
Start importing Assets/Prefab/Missile Variant.prefab using Guid(8e6aed31b3748e74fa5110e9fbdf34f4) Importer(815301076,1909f56bfc062723c751e8b465ee728b)  -> (artifact id: '5b7ee7c53e5c8dadb1b222f7c15c2e17') in 0.013755 seconds 
========================================================================
Received Import Request.
  Time since last request: 20.178861 seconds.
  path: Assets/Prefab/Missile Variant.prefab
  artifactKey: Guid(8e6aed31b3748e74fa5110e9fbdf34f4) Importer(815301076,1909f56bfc062723c751e8b465ee728b)
Start importing Assets/Prefab/Missile Variant.prefab using Guid(8e6aed31b3748e74fa5110e9fbdf34f4) Importer(815301076,1909f56bfc062723c751e8b465ee728b)  -> (artifact id: '4529cb401a4816927ef2a4f3d0e03eff') in 0.012799 seconds 
========================================================================
Received Import Request.
  Time since last request: 16.663064 seconds.
  path: Assets/Prefab/Missile Variant.prefab
  artifactKey: Guid(8e6aed31b3748e74fa5110e9fbdf34f4) Importer(815301076,1909f56bfc062723c751e8b465ee728b)
Start importing Assets/Prefab/Missile Variant.prefab using Guid(8e6aed31b3748e74fa5110e9fbdf34f4) Importer(815301076,1909f56bfc062723c751e8b465ee728b)  -> (artifact id: '73dafa1853961520eaa979bc55ac8387') in 0.013595 seconds 
========================================================================
Received Import Request.
  Time since last request: 2.974551 seconds.
  path: Assets/Prefab/Missile Variant.prefab
  artifactKey: Guid(8e6aed31b3748e74fa5110e9fbdf34f4) Importer(815301076,1909f56bfc062723c751e8b465ee728b)
Start importing Assets/Prefab/Missile Variant.prefab using Guid(8e6aed31b3748e74fa5110e9fbdf34f4) Importer(815301076,1909f56bfc062723c751e8b465ee728b)  -> (artifact id: '7f409df8b10874df6b4d787d99259a14') in 0.013760 seconds 
========================================================================
Received Import Request.
  Time since last request: 9.725643 seconds.
  path: Assets/Prefab/Missile Variant.prefab
  artifactKey: Guid(8e6aed31b3748e74fa5110e9fbdf34f4) Importer(815301076,1909f56bfc062723c751e8b465ee728b)
Start importing Assets/Prefab/Missile Variant.prefab using Guid(8e6aed31b3748e74fa5110e9fbdf34f4) Importer(815301076,1909f56bfc062723c751e8b465ee728b)  -> (artifact id: '9fa2e25b5ab0057dc3ff1350d9e22862') in 0.010732 seconds 
========================================================================
Received Import Request.
  Time since last request: 3.650112 seconds.
  path: Assets/Prefab/Missile Variant.prefab
  artifactKey: Guid(8e6aed31b3748e74fa5110e9fbdf34f4) Importer(815301076,1909f56bfc062723c751e8b465ee728b)
Start importing Assets/Prefab/Missile Variant.prefab using Guid(8e6aed31b3748e74fa5110e9fbdf34f4) Importer(815301076,1909f56bfc062723c751e8b465ee728b)  -> (artifact id: 'a48492e9c2bf5bda0e29b31817f66e77') in 0.036172 seconds 
========================================================================
Received Import Request.
  Time since last request: 1.912624 seconds.
  path: Assets/Prefab/Missile Variant.prefab
  artifactKey: Guid(8e6aed31b3748e74fa5110e9fbdf34f4) Importer(815301076,1909f56bfc062723c751e8b465ee728b)
Start importing Assets/Prefab/Missile Variant.prefab using Guid(8e6aed31b3748e74fa5110e9fbdf34f4) Importer(815301076,1909f56bfc062723c751e8b465ee728b)  -> (artifact id: '575a9c520d74873564c094558be07dab') in 0.013272 seconds 
========================================================================
Received Import Request.
  Time since last request: 4.973547 seconds.
  path: Assets/Prefab/Missile Variant.prefab
  artifactKey: Guid(8e6aed31b3748e74fa5110e9fbdf34f4) Importer(815301076,1909f56bfc062723c751e8b465ee728b)
Start importing Assets/Prefab/Missile Variant.prefab using Guid(8e6aed31b3748e74fa5110e9fbdf34f4) Importer(815301076,1909f56bfc062723c751e8b465ee728b)  -> (artifact id: 'ffa025eb1c479184b63a1160f9752f1c') in 0.010845 seconds 
========================================================================
Received Import Request.
  Time since last request: 16.987044 seconds.
  path: Assets/Prefab/Missile Variant.prefab
  artifactKey: Guid(8e6aed31b3748e74fa5110e9fbdf34f4) Importer(815301076,1909f56bfc062723c751e8b465ee728b)
Start importing Assets/Prefab/Missile Variant.prefab using Guid(8e6aed31b3748e74fa5110e9fbdf34f4) Importer(815301076,1909f56bfc062723c751e8b465ee728b)  -> (artifact id: 'e30e4b320831af3d216916808523b420') in 0.012366 seconds 
========================================================================
Received Import Request.
  Time since last request: 9.877054 seconds.
  path: Assets/Prefab/Missile Variant.prefab
  artifactKey: Guid(8e6aed31b3748e74fa5110e9fbdf34f4) Importer(815301076,1909f56bfc062723c751e8b465ee728b)
Start importing Assets/Prefab/Missile Variant.prefab using Guid(8e6aed31b3748e74fa5110e9fbdf34f4) Importer(815301076,1909f56bfc062723c751e8b465ee728b)  -> (artifact id: '83b01edc7f0e4d35125779786218c468') in 0.012448 seconds 
========================================================================
Received Import Request.
  Time since last request: 8.292204 seconds.
  path: Assets/Prefab/Missile Variant.prefab
  artifactKey: Guid(8e6aed31b3748e74fa5110e9fbdf34f4) Importer(815301076,1909f56bfc062723c751e8b465ee728b)
Start importing Assets/Prefab/Missile Variant.prefab using Guid(8e6aed31b3748e74fa5110e9fbdf34f4) Importer(815301076,1909f56bfc062723c751e8b465ee728b)  -> (artifact id: '5d6fe1b703e718d6bd2856e6ecf2e563') in 0.012937 seconds 
========================================================================
Received Import Request.
  Time since last request: 11.890697 seconds.
  path: Assets/Prefab/Missile Variant.prefab
  artifactKey: Guid(8e6aed31b3748e74fa5110e9fbdf34f4) Importer(815301076,1909f56bfc062723c751e8b465ee728b)
Start importing Assets/Prefab/Missile Variant.prefab using Guid(8e6aed31b3748e74fa5110e9fbdf34f4) Importer(815301076,1909f56bfc062723c751e8b465ee728b)  -> (artifact id: 'f48f4025b887bee77af7b66b45286627') in 0.013079 seconds 
========================================================================
Received Import Request.
  Time since last request: 10.469546 seconds.
  path: Assets/Prefab/Missile Variant.prefab
  artifactKey: Guid(8e6aed31b3748e74fa5110e9fbdf34f4) Importer(815301076,1909f56bfc062723c751e8b465ee728b)
Start importing Assets/Prefab/Missile Variant.prefab using Guid(8e6aed31b3748e74fa5110e9fbdf34f4) Importer(815301076,1909f56bfc062723c751e8b465ee728b)  -> (artifact id: 'b90928c7737dcc1a4b2e661d867e5e04') in 0.023291 seconds 
========================================================================
Received Import Request.
  Time since last request: 3.617386 seconds.
  path: Assets/Prefab/Missile Variant.prefab
  artifactKey: Guid(8e6aed31b3748e74fa5110e9fbdf34f4) Importer(815301076,1909f56bfc062723c751e8b465ee728b)
Start importing Assets/Prefab/Missile Variant.prefab using Guid(8e6aed31b3748e74fa5110e9fbdf34f4) Importer(815301076,1909f56bfc062723c751e8b465ee728b)  -> (artifact id: '1f949cecc1177c3e5c8513e8c89d7440') in 0.009657 seconds 
========================================================================
Received Prepare
Registering precompiled user dll's ...
Registered in 0.003085 seconds.
Begin MonoManager ReloadAssembly
Native extension for WindowsStandalone target not found
Native extension for WebGL target not found
Refreshing native plugins compatible for Editor in 0.53 ms, found 1 plugins.
Preloading 0 native plugins for Editor in 0.00 ms.
Mono: successfully reloaded assembly
- Completed reload, in  0.833 seconds
Platform modules already initialized, skipping
Shader 'WFX/Transparent Specular': fallback shader 'Particles/Alpha Blended' not found
Shader 'WFX/Transparent Diffuse': fallback shader 'Particles/Alpha Blended' not found
Refreshing native plugins compatible for Editor in 0.47 ms, found 1 plugins.
Preloading 0 native plugins for Editor in 0.00 ms.
Unloading 2678 Unused Serialized files (Serialized files now loaded: 0)
System memory in use before: 104.1 MB.
System memory in use after: 104.3 MB.

Unloading 10 unused Assets to reduce memory usage. Loaded Objects now: 3191.
Total: 1.995100 ms (FindLiveObjects: 0.212800 ms CreateObjectMapping: 0.114600 ms MarkObjects: 1.625800 ms  DeleteObjects: 0.041300 ms)

========================================================================
Received Import Request.
  Time since last request: 44.939516 seconds.
  path: Assets/Prefab/Missile Variant.prefab
  artifactKey: Guid(8e6aed31b3748e74fa5110e9fbdf34f4) Importer(815301076,1909f56bfc062723c751e8b465ee728b)
Start importing Assets/Prefab/Missile Variant.prefab using Guid(8e6aed31b3748e74fa5110e9fbdf34f4) Importer(815301076,1909f56bfc062723c751e8b465ee728b)  -> (artifact id: '115be2cb7e3d71a6f50a6ee6e243d373') in 0.066472 seconds 
========================================================================
Received Import Request.
  Time since last request: 0.599951 seconds.
  path: Assets/Prefab/Missile Variant.prefab
  artifactKey: Guid(8e6aed31b3748e74fa5110e9fbdf34f4) Importer(815301076,1909f56bfc062723c751e8b465ee728b)
Start importing Assets/Prefab/Missile Variant.prefab using Guid(8e6aed31b3748e74fa5110e9fbdf34f4) Importer(815301076,1909f56bfc062723c751e8b465ee728b)  -> (artifact id: '57e7a956cd421375d803e72633d569db') in 0.014166 seconds 
========================================================================
Received Prepare
Registering precompiled user dll's ...
Registered in 0.002783 seconds.
Begin MonoManager ReloadAssembly
Native extension for WindowsStandalone target not found
Native extension for WebGL target not found
Refreshing native plugins compatible for Editor in 0.46 ms, found 1 plugins.
Preloading 0 native plugins for Editor in 0.00 ms.
Mono: successfully reloaded assembly
- Completed reload, in  0.799 seconds
Platform modules already initialized, skipping
Shader 'WFX/Transparent Specular': fallback shader 'Particles/Alpha Blended' not found
Shader 'WFX/Transparent Diffuse': fallback shader 'Particles/Alpha Blended' not found
Refreshing native plugins compatible for Editor in 0.45 ms, found 1 plugins.
Preloading 0 native plugins for Editor in 0.00 ms.
Unloading 2678 Unused Serialized files (Serialized files now loaded: 0)
System memory in use before: 104.1 MB.
System memory in use after: 104.3 MB.

Unloading 10 unused Assets to reduce memory usage. Loaded Objects now: 3195.
Total: 1.917400 ms (FindLiveObjects: 0.198600 ms CreateObjectMapping: 0.105700 ms MarkObjects: 1.564600 ms  DeleteObjects: 0.047800 ms)

========================================================================
Received Prepare
Registering precompiled user dll's ...
Registered in 0.002924 seconds.
Begin MonoManager ReloadAssembly
Native extension for WindowsStandalone target not found
Native extension for WebGL target not found
Refreshing native plugins compatible for Editor in 0.44 ms, found 1 plugins.
Preloading 0 native plugins for Editor in 0.00 ms.
Mono: successfully reloaded assembly
- Completed reload, in  0.836 seconds
Platform modules already initialized, skipping
Shader 'WFX/Transparent Specular': fallback shader 'Particles/Alpha Blended' not found
Shader 'WFX/Transparent Diffuse': fallback shader 'Particles/Alpha Blended' not found
Refreshing native plugins compatible for Editor in 0.47 ms, found 1 plugins.
Preloading 0 native plugins for Editor in 0.00 ms.
Unloading 2678 Unused Serialized files (Serialized files now loaded: 0)
System memory in use before: 104.1 MB.
System memory in use after: 104.3 MB.

Unloading 10 unused Assets to reduce memory usage. Loaded Objects now: 3198.
Total: 3.142200 ms (FindLiveObjects: 0.333500 ms CreateObjectMapping: 0.172700 ms MarkObjects: 2.583700 ms  DeleteObjects: 0.050800 ms)

========================================================================
Received Prepare
Registering precompiled user dll's ...
Registered in 0.002862 seconds.
Begin MonoManager ReloadAssembly
Native extension for WindowsStandalone target not found
Native extension for WebGL target not found
Refreshing native plugins compatible for Editor in 0.72 ms, found 1 plugins.
Preloading 0 native plugins for Editor in 0.00 ms.
Mono: successfully reloaded assembly
- Completed reload, in  0.872 seconds
Platform modules already initialized, skipping
Shader 'WFX/Transparent Specular': fallback shader 'Particles/Alpha Blended' not found
Shader 'WFX/Transparent Diffuse': fallback shader 'Particles/Alpha Blended' not found
Refreshing native plugins compatible for Editor in 0.46 ms, found 1 plugins.
Preloading 0 native plugins for Editor in 0.00 ms.
Unloading 2678 Unused Serialized files (Serialized files now loaded: 0)
System memory in use before: 104.1 MB.
System memory in use after: 104.3 MB.

Unloading 10 unused Assets to reduce memory usage. Loaded Objects now: 3201.
Total: 1.873900 ms (FindLiveObjects: 0.186700 ms CreateObjectMapping: 0.113700 ms MarkObjects: 1.538500 ms  DeleteObjects: 0.034200 ms)

========================================================================
Received Import Request.
  Time since last request: 281.658828 seconds.
  path: Assets/Prefab/EnemyPlane.prefab
  artifactKey: Guid(520308219b1d635469cc37617efc5759) Importer(815301076,1909f56bfc062723c751e8b465ee728b)
Start importing Assets/Prefab/EnemyPlane.prefab using Guid(520308219b1d635469cc37617efc5759) Importer(815301076,1909f56bfc062723c751e8b465ee728b)  -> (artifact id: '063839a9a40592958d99e35fa0ac41bf') in 0.071657 seconds 
========================================================================
Received Import Request.
  Time since last request: 5.862041 seconds.
  path: Assets/Prefab/EnemyPlane.prefab
  artifactKey: Guid(520308219b1d635469cc37617efc5759) Importer(815301076,1909f56bfc062723c751e8b465ee728b)
Start importing Assets/Prefab/EnemyPlane.prefab using Guid(520308219b1d635469cc37617efc5759) Importer(815301076,1909f56bfc062723c751e8b465ee728b)  -> (artifact id: '65ebe6ff8daeff50185bb36708080b0a') in 0.026057 seconds 
========================================================================
Received Prepare
Registering precompiled user dll's ...
Registered in 0.002847 seconds.
Begin MonoManager ReloadAssembly
Native extension for WindowsStandalone target not found
Native extension for WebGL target not found
Refreshing native plugins compatible for Editor in 0.45 ms, found 1 plugins.
Preloading 0 native plugins for Editor in 0.00 ms.
Mono: successfully reloaded assembly
- Completed reload, in  0.824 seconds
Platform modules already initialized, skipping
Shader 'WFX/Transparent Specular': fallback shader 'Particles/Alpha Blended' not found
Shader 'WFX/Transparent Diffuse': fallback shader 'Particles/Alpha Blended' not found
Refreshing native plugins compatible for Editor in 0.46 ms, found 1 plugins.
Preloading 0 native plugins for Editor in 0.00 ms.
Unloading 2678 Unused Serialized files (Serialized files now loaded: 0)
System memory in use before: 104.1 MB.
System memory in use after: 104.3 MB.

Unloading 10 unused Assets to reduce memory usage. Loaded Objects now: 3205.
Total: 1.922900 ms (FindLiveObjects: 0.223300 ms CreateObjectMapping: 0.109600 ms MarkObjects: 1.555000 ms  DeleteObjects: 0.034400 ms)

========================================================================
Received Import Request.
  Time since last request: 71.349937 seconds.
  path: Assets/Prefab/EnemyPlane.prefab
  artifactKey: Guid(520308219b1d635469cc37617efc5759) Importer(815301076,1909f56bfc062723c751e8b465ee728b)
Start importing Assets/Prefab/EnemyPlane.prefab using Guid(520308219b1d635469cc37617efc5759) Importer(815301076,1909f56bfc062723c751e8b465ee728b)  -> (artifact id: '70793e30c21ff64eae5d853b7813620d') in 0.069428 seconds 
========================================================================
Received Import Request.
  Time since last request: 3.528493 seconds.
  path: Assets/Prefab/EnemyPlane.prefab
  artifactKey: Guid(520308219b1d635469cc37617efc5759) Importer(815301076,1909f56bfc062723c751e8b465ee728b)
Start importing Assets/Prefab/EnemyPlane.prefab using Guid(520308219b1d635469cc37617efc5759) Importer(815301076,1909f56bfc062723c751e8b465ee728b)  -> (artifact id: '776ef6e8a78beb3f7029c5b3d38ba729') in 0.031277 seconds 
========================================================================
Received Import Request.
  Time since last request: 237.709589 seconds.
  path: Assets/Prefab/EnemyPlane.prefab
  artifactKey: Guid(520308219b1d635469cc37617efc5759) Importer(815301076,1909f56bfc062723c751e8b465ee728b)
Start importing Assets/Prefab/EnemyPlane.prefab using Guid(520308219b1d635469cc37617efc5759) Importer(815301076,1909f56bfc062723c751e8b465ee728b)  -> (artifact id: 'ff0fa94fdbeed29d364222c93482ff26') in 0.033710 seconds 
========================================================================
Received Prepare
Registering precompiled user dll's ...
Registered in 0.002969 seconds.
Begin MonoManager ReloadAssembly
Native extension for WindowsStandalone target not found
Native extension for WebGL target not found
Refreshing native plugins compatible for Editor in 0.44 ms, found 1 plugins.
Preloading 0 native plugins for Editor in 0.00 ms.
Mono: successfully reloaded assembly
- Completed reload, in  0.834 seconds
Platform modules already initialized, skipping
Shader 'WFX/Transparent Specular': fallback shader 'Particles/Alpha Blended' not found
Shader 'WFX/Transparent Diffuse': fallback shader 'Particles/Alpha Blended' not found
Refreshing native plugins compatible for Editor in 0.45 ms, found 1 plugins.
Preloading 0 native plugins for Editor in 0.00 ms.
Unloading 2678 Unused Serialized files (Serialized files now loaded: 0)
System memory in use before: 104.1 MB.
System memory in use after: 104.3 MB.

Unloading 10 unused Assets to reduce memory usage. Loaded Objects now: 3209.
Total: 1.891600 ms (FindLiveObjects: 0.194100 ms CreateObjectMapping: 0.100800 ms MarkObjects: 1.561600 ms  DeleteObjects: 0.034500 ms)

========================================================================
Received Import Request.
  Time since last request: 169.425544 seconds.
  path: Assets/Prefab/Missile Variant.prefab
  artifactKey: Guid(8e6aed31b3748e74fa5110e9fbdf34f4) Importer(815301076,1909f56bfc062723c751e8b465ee728b)
Start importing Assets/Prefab/Missile Variant.prefab using Guid(8e6aed31b3748e74fa5110e9fbdf34f4) Importer(815301076,1909f56bfc062723c751e8b465ee728b)  -> (artifact id: '7e0eb400bb0e89993d59cc177f88d40a') in 0.063314 seconds 
========================================================================
Received Prepare
Registering precompiled user dll's ...
Registered in 0.002877 seconds.
Begin MonoManager ReloadAssembly
Native extension for WindowsStandalone target not found
Native extension for WebGL target not found
Refreshing native plugins compatible for Editor in 0.45 ms, found 1 plugins.
Preloading 0 native plugins for Editor in 0.00 ms.
Mono: successfully reloaded assembly
- Completed reload, in  0.820 seconds
Platform modules already initialized, skipping
Shader 'WFX/Transparent Specular': fallback shader 'Particles/Alpha Blended' not found
Shader 'WFX/Transparent Diffuse': fallback shader 'Particles/Alpha Blended' not found
Refreshing native plugins compatible for Editor in 0.44 ms, found 1 plugins.
Preloading 0 native plugins for Editor in 0.00 ms.
Unloading 2678 Unused Serialized files (Serialized files now loaded: 0)
System memory in use before: 104.2 MB.
System memory in use after: 104.4 MB.

Unloading 10 unused Assets to reduce memory usage. Loaded Objects now: 3213.
Total: 1.796000 ms (FindLiveObjects: 0.203300 ms CreateObjectMapping: 0.106200 ms MarkObjects: 1.446500 ms  DeleteObjects: 0.039400 ms)

========================================================================
Received Prepare
Registering precompiled user dll's ...
Registered in 0.002813 seconds.
Begin MonoManager ReloadAssembly
Native extension for WindowsStandalone target not found
Native extension for WebGL target not found
Refreshing native plugins compatible for Editor in 0.54 ms, found 1 plugins.
Preloading 0 native plugins for Editor in 0.00 ms.
Mono: successfully reloaded assembly
- Completed reload, in  0.815 seconds
Platform modules already initialized, skipping
Shader 'WFX/Transparent Specular': fallback shader 'Particles/Alpha Blended' not found
Shader 'WFX/Transparent Diffuse': fallback shader 'Particles/Alpha Blended' not found
Refreshing native plugins compatible for Editor in 0.48 ms, found 1 plugins.
Preloading 0 native plugins for Editor in 0.00 ms.
Unloading 2678 Unused Serialized files (Serialized files now loaded: 0)
System memory in use before: 104.2 MB.
System memory in use after: 104.4 MB.

Unloading 10 unused Assets to reduce memory usage. Loaded Objects now: 3216.
Total: 1.850300 ms (FindLiveObjects: 0.200400 ms CreateObjectMapping: 0.116900 ms MarkObjects: 1.491500 ms  DeleteObjects: 0.040800 ms)

========================================================================
Received Prepare
Registering precompiled user dll's ...
Registered in 0.002782 seconds.
Begin MonoManager ReloadAssembly
Native extension for WindowsStandalone target not found
Native extension for WebGL target not found
Refreshing native plugins compatible for Editor in 0.46 ms, found 1 plugins.
Preloading 0 native plugins for Editor in 0.00 ms.
Mono: successfully reloaded assembly
- Completed reload, in  0.800 seconds
Platform modules already initialized, skipping
Shader 'WFX/Transparent Specular': fallback shader 'Particles/Alpha Blended' not found
Shader 'WFX/Transparent Diffuse': fallback shader 'Particles/Alpha Blended' not found
Refreshing native plugins compatible for Editor in 0.45 ms, found 1 plugins.
Preloading 0 native plugins for Editor in 0.00 ms.
Unloading 2678 Unused Serialized files (Serialized files now loaded: 0)
System memory in use before: 104.2 MB.
System memory in use after: 104.4 MB.

Unloading 10 unused Assets to reduce memory usage. Loaded Objects now: 3219.
Total: 2.174400 ms (FindLiveObjects: 0.201300 ms CreateObjectMapping: 0.105800 ms MarkObjects: 1.828500 ms  DeleteObjects: 0.038200 ms)

========================================================================
Received Prepare
Registering precompiled user dll's ...
Registered in 0.004189 seconds.
Begin MonoManager ReloadAssembly
Native extension for WindowsStandalone target not found
Native extension for WebGL target not found
Refreshing native plugins compatible for Editor in 0.45 ms, found 1 plugins.
Preloading 0 native plugins for Editor in 0.00 ms.
Mono: successfully reloaded assembly
- Completed reload, in  0.984 seconds
Platform modules already initialized, skipping
Shader 'WFX/Transparent Specular': fallback shader 'Particles/Alpha Blended' not found
Shader 'WFX/Transparent Diffuse': fallback shader 'Particles/Alpha Blended' not found
Refreshing native plugins compatible for Editor in 0.52 ms, found 1 plugins.
Preloading 0 native plugins for Editor in 0.00 ms.
Unloading 2678 Unused Serialized files (Serialized files now loaded: 0)
System memory in use before: 104.2 MB.
System memory in use after: 104.4 MB.

Unloading 10 unused Assets to reduce memory usage. Loaded Objects now: 3222.
Total: 2.058800 ms (FindLiveObjects: 0.197700 ms CreateObjectMapping: 0.123200 ms MarkObjects: 1.701700 ms  DeleteObjects: 0.035300 ms)

========================================================================
Received Prepare
Registering precompiled user dll's ...
Registered in 0.002834 seconds.
Begin MonoManager ReloadAssembly
Native extension for WindowsStandalone target not found
Native extension for WebGL target not found
Refreshing native plugins compatible for Editor in 0.44 ms, found 1 plugins.
Preloading 0 native plugins for Editor in 0.00 ms.
Mono: successfully reloaded assembly
- Completed reload, in  0.814 seconds
Platform modules already initialized, skipping
Shader 'WFX/Transparent Specular': fallback shader 'Particles/Alpha Blended' not found
Shader 'WFX/Transparent Diffuse': fallback shader 'Particles/Alpha Blended' not found
Refreshing native plugins compatible for Editor in 0.48 ms, found 1 plugins.
Preloading 0 native plugins for Editor in 0.00 ms.
Unloading 2678 Unused Serialized files (Serialized files now loaded: 0)
System memory in use before: 104.2 MB.
System memory in use after: 104.4 MB.

Unloading 10 unused Assets to reduce memory usage. Loaded Objects now: 3225.
Total: 1.863900 ms (FindLiveObjects: 0.208300 ms CreateObjectMapping: 0.106400 ms MarkObjects: 1.511800 ms  DeleteObjects: 0.036600 ms)

========================================================================
Received Import Request.
  Time since last request: 885.791890 seconds.
  path: Assets/Prefab/Missile Variant.prefab
  artifactKey: Guid(8e6aed31b3748e74fa5110e9fbdf34f4) Importer(815301076,1909f56bfc062723c751e8b465ee728b)
Start importing Assets/Prefab/Missile Variant.prefab using Guid(8e6aed31b3748e74fa5110e9fbdf34f4) Importer(815301076,1909f56bfc062723c751e8b465ee728b)  -> (artifact id: 'd21de206542111973e99b56c4b37d43c') in 0.064491 seconds 
========================================================================
Received Import Request.
  Time since last request: 63.160062 seconds.
  path: Assets/Prefab/Missile Variant.prefab
  artifactKey: Guid(8e6aed31b3748e74fa5110e9fbdf34f4) Importer(815301076,1909f56bfc062723c751e8b465ee728b)
Start importing Assets/Prefab/Missile Variant.prefab using Guid(8e6aed31b3748e74fa5110e9fbdf34f4) Importer(815301076,1909f56bfc062723c751e8b465ee728b)  -> (artifact id: '69b202d876a7beef26e2c593f44afd5d') in 0.016497 seconds 
========================================================================
Received Prepare
Registering precompiled user dll's ...
Registered in 0.003101 seconds.
Begin MonoManager ReloadAssembly
Native extension for WindowsStandalone target not found
Native extension for WebGL target not found
Refreshing native plugins compatible for Editor in 0.75 ms, found 1 plugins.
Preloading 0 native plugins for Editor in 0.00 ms.
Mono: successfully reloaded assembly
- Completed reload, in  0.932 seconds
Platform modules already initialized, skipping
Shader 'WFX/Transparent Specular': fallback shader 'Particles/Alpha Blended' not found
Shader 'WFX/Transparent Diffuse': fallback shader 'Particles/Alpha Blended' not found
Refreshing native plugins compatible for Editor in 0.45 ms, found 1 plugins.
Preloading 0 native plugins for Editor in 0.00 ms.
Unloading 2678 Unused Serialized files (Serialized files now loaded: 0)
System memory in use before: 104.2 MB.
System memory in use after: 104.4 MB.

Unloading 10 unused Assets to reduce memory usage. Loaded Objects now: 3229.
Total: 2.134000 ms (FindLiveObjects: 0.226200 ms CreateObjectMapping: 0.133300 ms MarkObjects: 1.731700 ms  DeleteObjects: 0.041900 ms)

========================================================================
Received Prepare
Registering precompiled user dll's ...
Registered in 0.002750 seconds.
Begin MonoManager ReloadAssembly
Native extension for WindowsStandalone target not found
Native extension for WebGL target not found
Refreshing native plugins compatible for Editor in 0.45 ms, found 1 plugins.
Preloading 0 native plugins for Editor in 0.00 ms.
Mono: successfully reloaded assembly
- Completed reload, in  0.807 seconds
Platform modules already initialized, skipping
Shader 'WFX/Transparent Specular': fallback shader 'Particles/Alpha Blended' not found
Shader 'WFX/Transparent Diffuse': fallback shader 'Particles/Alpha Blended' not found
Refreshing native plugins compatible for Editor in 0.45 ms, found 1 plugins.
Preloading 0 native plugins for Editor in 0.00 ms.
Unloading 2678 Unused Serialized files (Serialized files now loaded: 0)
System memory in use before: 104.2 MB.
System memory in use after: 104.4 MB.

Unloading 10 unused Assets to reduce memory usage. Loaded Objects now: 3232.
Total: 1.782600 ms (FindLiveObjects: 0.224600 ms CreateObjectMapping: 0.122300 ms MarkObjects: 1.395700 ms  DeleteObjects: 0.039400 ms)

========================================================================
Received Prepare
Registering precompiled user dll's ...
Registered in 0.003215 seconds.
Begin MonoManager ReloadAssembly
Native extension for WindowsStandalone target not found
Native extension for WebGL target not found
Refreshing native plugins compatible for Editor in 0.48 ms, found 1 plugins.
Preloading 0 native plugins for Editor in 0.00 ms.
Mono: successfully reloaded assembly
- Completed reload, in  1.005 seconds
Platform modules already initialized, skipping
Shader 'WFX/Transparent Specular': fallback shader 'Particles/Alpha Blended' not found
Shader 'WFX/Transparent Diffuse': fallback shader 'Particles/Alpha Blended' not found
Refreshing native plugins compatible for Editor in 0.53 ms, found 1 plugins.
Preloading 0 native plugins for Editor in 0.00 ms.
Unloading 2678 Unused Serialized files (Serialized files now loaded: 0)
System memory in use before: 104.2 MB.
System memory in use after: 104.4 MB.

Unloading 10 unused Assets to reduce memory usage. Loaded Objects now: 3235.
Total: 2.162600 ms (FindLiveObjects: 0.207300 ms CreateObjectMapping: 0.138600 ms MarkObjects: 1.771600 ms  DeleteObjects: 0.043900 ms)

